1702748859543:hello
1702748908070:help
1702748929833:clear
1702748931262:cls
1702748932739:clear
1702748941907:help
1702748948752:clera
1702748950016:clear
1702748952414:help
1702748953562:clear
1702748991062:help
1702749048309:help hello
1702749053681:-h
1702749057157:h
1702749174734:hello
1702749184352:clear
1702749187474:hello
1702749201233:hello dan
1702749204525:hello
1702749209344:hello bro
1702749383870:clear
1702749638916:hello
1702749696879:help
1702749707286:hello
1702749715295:bye
1702749771362:help
1702749774108:hello
1702749795017:clear
1702749797395:hello
1702749814096:help
1702750616719:hello
1702751558293:hello 5
1702751560232:clear
1702752695050:get-student-by-id 3
1702752710857:get-student-by-id 5
1702752876745:get-student-list
1702753142519:studentList
